<?xml version="1.0" encoding="UTF-8"?>
<testng-results ignored="0" total="1" passed="1" failed="0" skipped="0">
  <reporter-output>
  </reporter-output>
  <suite started-at="2022-02-03T15:20:08 GMT" name="Suite" finished-at="2022-02-03T15:20:35 GMT" duration-ms="27227">
    <groups>
    </groups>
    <test started-at="2022-02-03T15:20:08 GMT" name="Test" finished-at="2022-02-03T15:20:35 GMT" duration-ms="27227">
      <class name="com.framework.testcases.loginTestToApp">
        <test-method is-config="true" signature="setupSuit()[pri:0, instance:com.framework.testcases.loginTestToApp@70be0a2b]" started-at="2022-02-03T15:20:07 GMT" name="setupSuit" finished-at="2022-02-03T15:20:08 GMT" duration-ms="963" status="PASS">
          <reporter-output>
          </reporter-output>
        </test-method> <!-- setupSuit -->
        <test-method is-config="true" signature="setupTest()[pri:0, instance:com.framework.testcases.loginTestToApp@70be0a2b]" started-at="2022-02-03T15:20:08 GMT" name="setupTest" finished-at="2022-02-03T15:20:14 GMT" duration-ms="5874" status="PASS">
          <reporter-output>
          </reporter-output>
        </test-method> <!-- setupTest -->
        <test-method signature="loginApp()[pri:0, instance:com.framework.testcases.loginTestToApp@70be0a2b]" started-at="2022-02-03T15:20:14 GMT" name="loginApp" finished-at="2022-02-03T15:20:34 GMT" duration-ms="20479" status="PASS">
          <reporter-output>
          </reporter-output>
        </test-method> <!-- loginApp -->
        <test-method is-config="true" signature="tearDownMethod(org.testng.ITestResult)[pri:0, instance:com.framework.testcases.loginTestToApp@70be0a2b]" started-at="2022-02-03T15:20:34 GMT" name="tearDownMethod" finished-at="2022-02-03T15:20:35 GMT" duration-ms="601" status="PASS">
          <params>
            <param index="0">
              <value>
                <![CDATA[[TestResult name=loginApp status=SUCCESS method=loginTestToApp.loginApp()[pri:0, instance:com.framework.testcases.loginTestToApp@70be0a2b] output={null}]]]>
              </value>
            </param>
          </params>
          <reporter-output>
          </reporter-output>
        </test-method> <!-- tearDownMethod -->
        <test-method is-config="true" signature="tearDown()[pri:0, instance:com.framework.testcases.loginTestToApp@70be0a2b]" started-at="2022-02-03T15:20:35 GMT" name="tearDown" finished-at="2022-02-03T15:20:35 GMT" duration-ms="222" status="PASS">
          <reporter-output>
          </reporter-output>
        </test-method> <!-- tearDown -->
      </class> <!-- com.framework.testcases.loginTestToApp -->
    </test> <!-- Test -->
  </suite> <!-- Suite -->
</testng-results>
